2024-04-09 11:20:37.502 [info] Extension host with pid 3499 started
2024-04-09 11:20:37.550 [info] Lock '/home/ec2-user/.vscode-server/data/User/workspaceStorage/7d6e17f56257d941117439b9509f1f01/vscode.lock': Lock acquired.
2024-04-09 11:20:37.608 [info] ExtensionService#_doActivateExtension vscode.typescript-language-features, startup: false, activationEvent: 'onLanguage:javascript'
2024-04-09 11:20:37.625 [info] ExtensionService#_doActivateExtension vscode.emmet, startup: false, activationEvent: 'onLanguage'
2024-04-09 11:20:38.967 [info] ExtensionService#_doActivateExtension vscode.git-base, startup: true, activationEvent: '*', root cause: vscode.git
2024-04-09 11:20:39.038 [info] ExtensionService#_doActivateExtension vscode.npm, startup: true, activationEvent: 'workspaceContains:package.json'
2024-04-09 11:20:39.385 [info] ExtensionService#_doActivateExtension vscode.tunnel-forwarding, startup: false, activationEvent: 'onTunnel'
2024-04-09 11:20:39.433 [info] ExtensionService#_doActivateExtension vscode.git, startup: true, activationEvent: '*'
2024-04-09 11:20:39.433 [info] ExtensionService#_doActivateExtension vscode.github, startup: true, activationEvent: '*'
2024-04-09 11:20:40.962 [info] Eager extensions activated
2024-04-09 11:20:40.963 [info] ExtensionService#_doActivateExtension vscode.debug-auto-launch, startup: false, activationEvent: 'onStartupFinished'
2024-04-09 11:20:40.963 [info] ExtensionService#_doActivateExtension vscode.merge-conflict, startup: false, activationEvent: 'onStartupFinished'
2024-04-09 11:20:42.371 [info] ExtensionService#_doActivateExtension GitHub.vscode-pull-request-github, startup: false, activationEvent: 'onStartupFinished'
2024-04-09 11:20:47.231 [warning] [Decorations] CAPPING events from decorations provider vscode.git 1161
2024-04-09 11:20:57.057 [warning] [Decorations] CAPPING events from decorations provider vscode.git 1161
2024-04-09 11:21:39.027 [warning] [Decorations] CAPPING events from decorations provider vscode.git 1161
2024-04-09 11:21:44.091 [warning] [Decorations] CAPPING events from decorations provider vscode.git 1161
2024-04-09 11:21:49.149 [warning] [Decorations] CAPPING events from decorations provider vscode.git 1161
2024-04-09 11:21:54.213 [warning] [Decorations] CAPPING events from decorations provider vscode.git 1161
2024-04-09 11:22:16.360 [warning] [Decorations] CAPPING events from decorations provider vscode.git 1161
2024-04-09 11:22:31.495 [warning] [Decorations] CAPPING events from decorations provider vscode.git 1161
2024-04-09 11:22:57.028 [warning] [Decorations] CAPPING events from decorations provider vscode.git 1161
2024-04-09 11:24:05.443 [warning] [Decorations] CAPPING events from decorations provider vscode.git 1161
