2024-04-06 00:19:25.254 [info] Extension host with pid 2883 started
2024-04-06 00:19:25.254 [error] Error: EEXIST: file already exists, open '/home/ec2-user/.vscode-server/data/User/workspaceStorage/3f79846834bcff310723f660c99dcae3/vscode.lock'
2024-04-06 00:19:25.293 [info] Lock '/home/ec2-user/.vscode-server/data/User/workspaceStorage/3f79846834bcff310723f660c99dcae3/vscode.lock': Could not acquire lock, checking if the file is stale.
2024-04-06 00:19:25.325 [info] Lock '/home/ec2-user/.vscode-server/data/User/workspaceStorage/3f79846834bcff310723f660c99dcae3/vscode.lock': The pid 4421 appears to be gone.
2024-04-06 00:19:25.325 [info] Lock '/home/ec2-user/.vscode-server/data/User/workspaceStorage/3f79846834bcff310723f660c99dcae3/vscode.lock': Deleting a stale lock.
2024-04-06 00:19:25.349 [info] Lock '/home/ec2-user/.vscode-server/data/User/workspaceStorage/3f79846834bcff310723f660c99dcae3/vscode.lock': Lock acquired.
2024-04-06 00:19:25.711 [info] ExtensionService#_doActivateExtension vscode.emmet, startup: false, activationEvent: 'onLanguage'
2024-04-06 00:19:25.712 [info] ExtensionService#_doActivateExtension vscode.typescript-language-features, startup: false, activationEvent: 'onLanguage:javascript'
2024-04-06 00:19:26.760 [info] ExtensionService#_doActivateExtension vscode.git-base, startup: true, activationEvent: '*', root cause: vscode.git
2024-04-06 00:19:26.824 [info] ExtensionService#_doActivateExtension vscode.npm, startup: true, activationEvent: 'workspaceContains:package.json'
2024-04-06 00:19:27.267 [info] ExtensionService#_doActivateExtension vscode.git, startup: true, activationEvent: '*'
2024-04-06 00:19:27.267 [info] ExtensionService#_doActivateExtension vscode.github, startup: true, activationEvent: '*'
2024-04-06 00:19:28.840 [info] Eager extensions activated
2024-04-06 00:19:28.877 [info] ExtensionService#_doActivateExtension vscode.debug-auto-launch, startup: false, activationEvent: 'onStartupFinished'
2024-04-06 00:19:28.878 [info] ExtensionService#_doActivateExtension vscode.merge-conflict, startup: false, activationEvent: 'onStartupFinished'
2024-04-06 00:19:31.965 [warning] [Decorations] CAPPING events from decorations provider vscode.git 2162
2024-04-06 00:19:34.843 [info] ExtensionService#_doActivateExtension GitHub.vscode-pull-request-github, startup: false, activationEvent: 'onStartupFinished'
2024-04-06 00:19:36.281 [warning] [Decorations] CAPPING events from decorations provider vscode.git 2162
2024-04-06 00:19:48.717 [info] Extension host terminating: received terminate message from renderer
2024-04-06 00:19:48.719 [info] Lock '/home/ec2-user/.vscode-server/data/User/workspaceStorage/3f79846834bcff310723f660c99dcae3/vscode.lock': Marking the lockfile as scheduled to be released in 6000 ms.
2024-04-06 00:19:48.767 [error] Canceled: Canceled
	at new O (/home/ec2-user/.vscode-server/bin/5c3e652f63e798a5ac2f31ffd0d863669328dc4c/out/vs/workbench/api/node/extensionHostProcess.js:144:46998)
	at h.U (/home/ec2-user/.vscode-server/bin/5c3e652f63e798a5ac2f31ffd0d863669328dc4c/out/vs/workbench/api/node/extensionHostProcess.js:151:5539)
	at F.<computed>.T.charCodeAt.F.<computed> (/home/ec2-user/.vscode-server/bin/5c3e652f63e798a5ac2f31ffd0d863669328dc4c/out/vs/workbench/api/node/extensionHostProcess.js:151:2993)
	at d.g (/home/ec2-user/.vscode-server/bin/5c3e652f63e798a5ac2f31ffd0d863669328dc4c/out/vs/workbench/api/node/extensionHostProcess.js:154:186335)
	at d.executeCommand (/home/ec2-user/.vscode-server/bin/5c3e652f63e798a5ac2f31ffd0d863669328dc4c/out/vs/workbench/api/node/extensionHostProcess.js:154:185773)
	at E.registerCommand.description (/home/ec2-user/.vscode-server/bin/5c3e652f63e798a5ac2f31ffd0d863669328dc4c/out/vs/workbench/api/node/extensionHostProcess.js:154:185097)
	at d.h (/home/ec2-user/.vscode-server/bin/5c3e652f63e798a5ac2f31ffd0d863669328dc4c/out/vs/workbench/api/node/extensionHostProcess.js:154:186874)
	at d.g (/home/ec2-user/.vscode-server/bin/5c3e652f63e798a5ac2f31ffd0d863669328dc4c/out/vs/workbench/api/node/extensionHostProcess.js:154:185866)
	at d.executeCommand (/home/ec2-user/.vscode-server/bin/5c3e652f63e798a5ac2f31ffd0d863669328dc4c/out/vs/workbench/api/node/extensionHostProcess.js:154:185773)
	at Object.executeCommand (/home/ec2-user/.vscode-server/bin/5c3e652f63e798a5ac2f31ffd0d863669328dc4c/out/vs/workbench/api/node/extensionHostProcess.js:164:22984)
	at a.O [as value] (/home/ec2-user/.vscode-server/bin/5c3e652f63e798a5ac2f31ffd0d863669328dc4c/extensions/git/dist/main.js:2:945802)
	at s.y (/home/ec2-user/.vscode-server/bin/5c3e652f63e798a5ac2f31ffd0d863669328dc4c/out/vs/workbench/api/node/extensionHostProcess.js:82:659)
	at s.z (/home/ec2-user/.vscode-server/bin/5c3e652f63e798a5ac2f31ffd0d863669328dc4c/out/vs/workbench/api/node/extensionHostProcess.js:82:729)
	at s.fire (/home/ec2-user/.vscode-server/bin/5c3e652f63e798a5ac2f31ffd0d863669328dc4c/out/vs/workbench/api/node/extensionHostProcess.js:82:945)
	at Object.m [as dispose] (/home/ec2-user/.vscode-server/bin/5c3e652f63e798a5ac2f31ffd0d863669328dc4c/extensions/git/dist/main.js:2:964886)
	at /home/ec2-user/.vscode-server/bin/5c3e652f63e798a5ac2f31ffd0d863669328dc4c/extensions/git/dist/main.js:2:970920
	at Array.forEach (<anonymous>)
	at f.dispose (/home/ec2-user/.vscode-server/bin/5c3e652f63e798a5ac2f31ffd0d863669328dc4c/extensions/git/dist/main.js:2:970906)
	at o.<anonymous> (/home/ec2-user/.vscode-server/bin/5c3e652f63e798a5ac2f31ffd0d863669328dc4c/out/vs/workbench/api/node/extensionHostProcess.js:152:3830)
	at o.dispose (/home/ec2-user/.vscode-server/bin/5c3e652f63e798a5ac2f31ffd0d863669328dc4c/out/vs/workbench/api/node/extensionHostProcess.js:152:3927)
	at o.<anonymous> (/home/ec2-user/.vscode-server/bin/5c3e652f63e798a5ac2f31ffd0d863669328dc4c/extensions/git/dist/main.js:2:948059)
	at o.dispose (/home/ec2-user/.vscode-server/bin/5c3e652f63e798a5ac2f31ffd0d863669328dc4c/out/vs/workbench/api/node/extensionHostProcess.js:152:3927)
	at a (/home/ec2-user/.vscode-server/bin/5c3e652f63e798a5ac2f31ffd0d863669328dc4c/out/vs/workbench/api/node/extensionHostProcess.js:30:714)
	at g.eb (/home/ec2-user/.vscode-server/bin/5c3e652f63e798a5ac2f31ffd0d863669328dc4c/out/vs/workbench/api/node/extensionHostProcess.js:160:9967)
	at /home/ec2-user/.vscode-server/bin/5c3e652f63e798a5ac2f31ffd0d863669328dc4c/out/vs/workbench/api/node/extensionHostProcess.js:160:7816
	at Array.map (<anonymous>)
	at g.$ (/home/ec2-user/.vscode-server/bin/5c3e652f63e798a5ac2f31ffd0d863669328dc4c/out/vs/workbench/api/node/extensionHostProcess.js:160:7803)
	at g.terminate (/home/ec2-user/.vscode-server/bin/5c3e652f63e798a5ac2f31ffd0d863669328dc4c/out/vs/workbench/api/node/extensionHostProcess.js:160:8077)
	at a.terminate (/home/ec2-user/.vscode-server/bin/5c3e652f63e798a5ac2f31ffd0d863669328dc4c/out/vs/workbench/api/node/extensionHostProcess.js:164:1513)
	at t (/home/ec2-user/.vscode-server/bin/5c3e652f63e798a5ac2f31ffd0d863669328dc4c/out/vs/workbench/api/node/extensionHostProcess.js:177:9917)
	at a.value (/home/ec2-user/.vscode-server/bin/5c3e652f63e798a5ac2f31ffd0d863669328dc4c/out/vs/workbench/api/node/extensionHostProcess.js:177:7964)
	at s.y (/home/ec2-user/.vscode-server/bin/5c3e652f63e798a5ac2f31ffd0d863669328dc4c/out/vs/workbench/api/node/extensionHostProcess.js:82:659)
	at s.fire (/home/ec2-user/.vscode-server/bin/5c3e652f63e798a5ac2f31ffd0d863669328dc4c/out/vs/workbench/api/node/extensionHostProcess.js:82:876)
	at r.fire (/home/ec2-user/.vscode-server/bin/5c3e652f63e798a5ac2f31ffd0d863669328dc4c/out/vs/workbench/api/node/extensionHostProcess.js:107:14173)
	at d.z (/home/ec2-user/.vscode-server/bin/5c3e652f63e798a5ac2f31ffd0d863669328dc4c/out/vs/workbench/api/node/extensionHostProcess.js:107:17238)
	at a.value (/home/ec2-user/.vscode-server/bin/5c3e652f63e798a5ac2f31ffd0d863669328dc4c/out/vs/workbench/api/node/extensionHostProcess.js:107:15690)
	at s.y (/home/ec2-user/.vscode-server/bin/5c3e652f63e798a5ac2f31ffd0d863669328dc4c/out/vs/workbench/api/node/extensionHostProcess.js:82:659)
	at s.fire (/home/ec2-user/.vscode-server/bin/5c3e652f63e798a5ac2f31ffd0d863669328dc4c/out/vs/workbench/api/node/extensionHostProcess.js:82:876)
	at g.acceptChunk (/home/ec2-user/.vscode-server/bin/5c3e652f63e798a5ac2f31ffd0d863669328dc4c/out/vs/workbench/api/node/extensionHostProcess.js:107:11947)
	at a.value (/home/ec2-user/.vscode-server/bin/5c3e652f63e798a5ac2f31ffd0d863669328dc4c/out/vs/workbench/api/node/extensionHostProcess.js:107:11234)
	at s.y (/home/ec2-user/.vscode-server/bin/5c3e652f63e798a5ac2f31ffd0d863669328dc4c/out/vs/workbench/api/node/extensionHostProcess.js:82:659)
	at s.fire (/home/ec2-user/.vscode-server/bin/5c3e652f63e798a5ac2f31ffd0d863669328dc4c/out/vs/workbench/api/node/extensionHostProcess.js:82:876)
	at i.z (/home/ec2-user/.vscode-server/bin/5c3e652f63e798a5ac2f31ffd0d863669328dc4c/out/vs/workbench/api/node/extensionHostProcess.js:174:19712) setContext undefined
2024-04-06 00:19:48.767 [error] Canceled: Canceled
	at new O (/home/ec2-user/.vscode-server/bin/5c3e652f63e798a5ac2f31ffd0d863669328dc4c/out/vs/workbench/api/node/extensionHostProcess.js:144:46998)
	at h.U (/home/ec2-user/.vscode-server/bin/5c3e652f63e798a5ac2f31ffd0d863669328dc4c/out/vs/workbench/api/node/extensionHostProcess.js:151:5539)
	at F.<computed>.T.charCodeAt.F.<computed> (/home/ec2-user/.vscode-server/bin/5c3e652f63e798a5ac2f31ffd0d863669328dc4c/out/vs/workbench/api/node/extensionHostProcess.js:151:2993)
	at d.g (/home/ec2-user/.vscode-server/bin/5c3e652f63e798a5ac2f31ffd0d863669328dc4c/out/vs/workbench/api/node/extensionHostProcess.js:154:186335)
	at d.executeCommand (/home/ec2-user/.vscode-server/bin/5c3e652f63e798a5ac2f31ffd0d863669328dc4c/out/vs/workbench/api/node/extensionHostProcess.js:154:185773)
	at E.registerCommand.description (/home/ec2-user/.vscode-server/bin/5c3e652f63e798a5ac2f31ffd0d863669328dc4c/out/vs/workbench/api/node/extensionHostProcess.js:154:185097)
	at d.h (/home/ec2-user/.vscode-server/bin/5c3e652f63e798a5ac2f31ffd0d863669328dc4c/out/vs/workbench/api/node/extensionHostProcess.js:154:186874)
	at d.g (/home/ec2-user/.vscode-server/bin/5c3e652f63e798a5ac2f31ffd0d863669328dc4c/out/vs/workbench/api/node/extensionHostProcess.js:154:185866)
	at d.executeCommand (/home/ec2-user/.vscode-server/bin/5c3e652f63e798a5ac2f31ffd0d863669328dc4c/out/vs/workbench/api/node/extensionHostProcess.js:154:185773)
	at Object.executeCommand (/home/ec2-user/.vscode-server/bin/5c3e652f63e798a5ac2f31ffd0d863669328dc4c/out/vs/workbench/api/node/extensionHostProcess.js:164:22984)
	at set hasGitHubRepositories [as hasGitHubRepositories] (/home/ec2-user/.vscode-server/bin/5c3e652f63e798a5ac2f31ffd0d863669328dc4c/extensions/github/dist/extension.js:2:324866)
	at /home/ec2-user/.vscode-server/bin/5c3e652f63e798a5ac2f31ffd0d863669328dc4c/extensions/github/dist/extension.js:2:325825
	at a.value (/home/ec2-user/.vscode-server/bin/5c3e652f63e798a5ac2f31ffd0d863669328dc4c/extensions/git/dist/main.js:2:1051703)
	at s.y (/home/ec2-user/.vscode-server/bin/5c3e652f63e798a5ac2f31ffd0d863669328dc4c/out/vs/workbench/api/node/extensionHostProcess.js:82:659)
	at s.z (/home/ec2-user/.vscode-server/bin/5c3e652f63e798a5ac2f31ffd0d863669328dc4c/out/vs/workbench/api/node/extensionHostProcess.js:82:729)
	at s.fire (/home/ec2-user/.vscode-server/bin/5c3e652f63e798a5ac2f31ffd0d863669328dc4c/out/vs/workbench/api/node/extensionHostProcess.js:82:945)
	at Object.m [as dispose] (/home/ec2-user/.vscode-server/bin/5c3e652f63e798a5ac2f31ffd0d863669328dc4c/extensions/git/dist/main.js:2:964886)
	at /home/ec2-user/.vscode-server/bin/5c3e652f63e798a5ac2f31ffd0d863669328dc4c/extensions/git/dist/main.js:2:970920
	at Array.forEach (<anonymous>)
	at f.dispose (/home/ec2-user/.vscode-server/bin/5c3e652f63e798a5ac2f31ffd0d863669328dc4c/extensions/git/dist/main.js:2:970906)
	at o.<anonymous> (/home/ec2-user/.vscode-server/bin/5c3e652f63e798a5ac2f31ffd0d863669328dc4c/out/vs/workbench/api/node/extensionHostProcess.js:152:3830)
	at o.dispose (/home/ec2-user/.vscode-server/bin/5c3e652f63e798a5ac2f31ffd0d863669328dc4c/out/vs/workbench/api/node/extensionHostProcess.js:152:3927)
	at o.<anonymous> (/home/ec2-user/.vscode-server/bin/5c3e652f63e798a5ac2f31ffd0d863669328dc4c/extensions/git/dist/main.js:2:948059)
	at o.dispose (/home/ec2-user/.vscode-server/bin/5c3e652f63e798a5ac2f31ffd0d863669328dc4c/out/vs/workbench/api/node/extensionHostProcess.js:152:3927)
	at a (/home/ec2-user/.vscode-server/bin/5c3e652f63e798a5ac2f31ffd0d863669328dc4c/out/vs/workbench/api/node/extensionHostProcess.js:30:714)
	at g.eb (/home/ec2-user/.vscode-server/bin/5c3e652f63e798a5ac2f31ffd0d863669328dc4c/out/vs/workbench/api/node/extensionHostProcess.js:160:9967)
	at /home/ec2-user/.vscode-server/bin/5c3e652f63e798a5ac2f31ffd0d863669328dc4c/out/vs/workbench/api/node/extensionHostProcess.js:160:7816
	at Array.map (<anonymous>)
	at g.$ (/home/ec2-user/.vscode-server/bin/5c3e652f63e798a5ac2f31ffd0d863669328dc4c/out/vs/workbench/api/node/extensionHostProcess.js:160:7803)
	at g.terminate (/home/ec2-user/.vscode-server/bin/5c3e652f63e798a5ac2f31ffd0d863669328dc4c/out/vs/workbench/api/node/extensionHostProcess.js:160:8077)
	at a.terminate (/home/ec2-user/.vscode-server/bin/5c3e652f63e798a5ac2f31ffd0d863669328dc4c/out/vs/workbench/api/node/extensionHostProcess.js:164:1513)
	at t (/home/ec2-user/.vscode-server/bin/5c3e652f63e798a5ac2f31ffd0d863669328dc4c/out/vs/workbench/api/node/extensionHostProcess.js:177:9917)
	at a.value (/home/ec2-user/.vscode-server/bin/5c3e652f63e798a5ac2f31ffd0d863669328dc4c/out/vs/workbench/api/node/extensionHostProcess.js:177:7964)
	at s.y (/home/ec2-user/.vscode-server/bin/5c3e652f63e798a5ac2f31ffd0d863669328dc4c/out/vs/workbench/api/node/extensionHostProcess.js:82:659)
	at s.fire (/home/ec2-user/.vscode-server/bin/5c3e652f63e798a5ac2f31ffd0d863669328dc4c/out/vs/workbench/api/node/extensionHostProcess.js:82:876)
	at r.fire (/home/ec2-user/.vscode-server/bin/5c3e652f63e798a5ac2f31ffd0d863669328dc4c/out/vs/workbench/api/node/extensionHostProcess.js:107:14173)
	at d.z (/home/ec2-user/.vscode-server/bin/5c3e652f63e798a5ac2f31ffd0d863669328dc4c/out/vs/workbench/api/node/extensionHostProcess.js:107:17238)
	at a.value (/home/ec2-user/.vscode-server/bin/5c3e652f63e798a5ac2f31ffd0d863669328dc4c/out/vs/workbench/api/node/extensionHostProcess.js:107:15690)
	at s.y (/home/ec2-user/.vscode-server/bin/5c3e652f63e798a5ac2f31ffd0d863669328dc4c/out/vs/workbench/api/node/extensionHostProcess.js:82:659)
	at s.fire (/home/ec2-user/.vscode-server/bin/5c3e652f63e798a5ac2f31ffd0d863669328dc4c/out/vs/workbench/api/node/extensionHostProcess.js:82:876)
	at g.acceptChunk (/home/ec2-user/.vscode-server/bin/5c3e652f63e798a5ac2f31ffd0d863669328dc4c/out/vs/workbench/api/node/extensionHostProcess.js:107:11947)
	at a.value (/home/ec2-user/.vscode-server/bin/5c3e652f63e798a5ac2f31ffd0d863669328dc4c/out/vs/workbench/api/node/extensionHostProcess.js:107:11234)
	at s.y (/home/ec2-user/.vscode-server/bin/5c3e652f63e798a5ac2f31ffd0d863669328dc4c/out/vs/workbench/api/node/extensionHostProcess.js:82:659)
	at s.fire (/home/ec2-user/.vscode-server/bin/5c3e652f63e798a5ac2f31ffd0d863669328dc4c/out/vs/workbench/api/node/extensionHostProcess.js:82:876)
	at i.z (/home/ec2-user/.vscode-server/bin/5c3e652f63e798a5ac2f31ffd0d863669328dc4c/out/vs/workbench/api/node/extensionHostProcess.js:174:19712) setContext undefined
2024-04-06 00:19:48.767 [error] Canceled: Canceled
	at new O (/home/ec2-user/.vscode-server/bin/5c3e652f63e798a5ac2f31ffd0d863669328dc4c/out/vs/workbench/api/node/extensionHostProcess.js:144:46998)
	at h.U (/home/ec2-user/.vscode-server/bin/5c3e652f63e798a5ac2f31ffd0d863669328dc4c/out/vs/workbench/api/node/extensionHostProcess.js:151:5539)
	at F.<computed>.T.charCodeAt.F.<computed> (/home/ec2-user/.vscode-server/bin/5c3e652f63e798a5ac2f31ffd0d863669328dc4c/out/vs/workbench/api/node/extensionHostProcess.js:151:2993)
	at d.g (/home/ec2-user/.vscode-server/bin/5c3e652f63e798a5ac2f31ffd0d863669328dc4c/out/vs/workbench/api/node/extensionHostProcess.js:154:186335)
	at d.executeCommand (/home/ec2-user/.vscode-server/bin/5c3e652f63e798a5ac2f31ffd0d863669328dc4c/out/vs/workbench/api/node/extensionHostProcess.js:154:185773)
	at E.registerCommand.description (/home/ec2-user/.vscode-server/bin/5c3e652f63e798a5ac2f31ffd0d863669328dc4c/out/vs/workbench/api/node/extensionHostProcess.js:154:185097)
	at d.h (/home/ec2-user/.vscode-server/bin/5c3e652f63e798a5ac2f31ffd0d863669328dc4c/out/vs/workbench/api/node/extensionHostProcess.js:154:186874)
	at d.g (/home/ec2-user/.vscode-server/bin/5c3e652f63e798a5ac2f31ffd0d863669328dc4c/out/vs/workbench/api/node/extensionHostProcess.js:154:185866)
	at d.executeCommand (/home/ec2-user/.vscode-server/bin/5c3e652f63e798a5ac2f31ffd0d863669328dc4c/out/vs/workbench/api/node/extensionHostProcess.js:154:185773)
	at Object.executeCommand (/home/ec2-user/.vscode-server/bin/5c3e652f63e798a5ac2f31ffd0d863669328dc4c/out/vs/workbench/api/node/extensionHostProcess.js:164:22984)
	at e (/home/ec2-user/.vscode-server/extensions/github.vscode-pull-request-github-0.82.1/dist/extension.js:1968:1467)
	at Object.n [as setContext] (/home/ec2-user/.vscode-server/extensions/github.vscode-pull-request-github-0.82.1/dist/extension.js:1968:1582)
	at qp.updateActiveReviewCount (/home/ec2-user/.vscode-server/extensions/github.vscode-pull-request-github-0.82.1/dist/extension.js:2031:22909)
	at qp.removeRepo (/home/ec2-user/.vscode-server/extensions/github.vscode-pull-request-github-0.82.1/dist/extension.js:2031:24054)
	at a.value (/home/ec2-user/.vscode-server/extensions/github.vscode-pull-request-github-0.82.1/dist/extension.js:2144:4217)
	at s.y (/home/ec2-user/.vscode-server/bin/5c3e652f63e798a5ac2f31ffd0d863669328dc4c/out/vs/workbench/api/node/extensionHostProcess.js:82:659)
	at s.z (/home/ec2-user/.vscode-server/bin/5c3e652f63e798a5ac2f31ffd0d863669328dc4c/out/vs/workbench/api/node/extensionHostProcess.js:82:729)
	at s.fire (/home/ec2-user/.vscode-server/bin/5c3e652f63e798a5ac2f31ffd0d863669328dc4c/out/vs/workbench/api/node/extensionHostProcess.js:82:945)
	at a.value (/home/ec2-user/.vscode-server/extensions/github.vscode-pull-request-github-0.82.1/dist/extension.js:1936:446993)
	at s.y (/home/ec2-user/.vscode-server/bin/5c3e652f63e798a5ac2f31ffd0d863669328dc4c/out/vs/workbench/api/node/extensionHostProcess.js:82:659)
	at s.fire (/home/ec2-user/.vscode-server/bin/5c3e652f63e798a5ac2f31ffd0d863669328dc4c/out/vs/workbench/api/node/extensionHostProcess.js:82:876)
	at /home/ec2-user/.vscode-server/extensions/github.vscode-pull-request-github-0.82.1/dist/extension.js:2031:27770
	at a.value (/home/ec2-user/.vscode-server/bin/5c3e652f63e798a5ac2f31ffd0d863669328dc4c/extensions/git/dist/main.js:2:1051703)
	at s.y (/home/ec2-user/.vscode-server/bin/5c3e652f63e798a5ac2f31ffd0d863669328dc4c/out/vs/workbench/api/node/extensionHostProcess.js:82:659)
	at s.z (/home/ec2-user/.vscode-server/bin/5c3e652f63e798a5ac2f31ffd0d863669328dc4c/out/vs/workbench/api/node/extensionHostProcess.js:82:729)
	at s.fire (/home/ec2-user/.vscode-server/bin/5c3e652f63e798a5ac2f31ffd0d863669328dc4c/out/vs/workbench/api/node/extensionHostProcess.js:82:945)
	at Object.m [as dispose] (/home/ec2-user/.vscode-server/bin/5c3e652f63e798a5ac2f31ffd0d863669328dc4c/extensions/git/dist/main.js:2:964886)
	at /home/ec2-user/.vscode-server/bin/5c3e652f63e798a5ac2f31ffd0d863669328dc4c/extensions/git/dist/main.js:2:970920
	at Array.forEach (<anonymous>)
	at f.dispose (/home/ec2-user/.vscode-server/bin/5c3e652f63e798a5ac2f31ffd0d863669328dc4c/extensions/git/dist/main.js:2:970906)
	at o.<anonymous> (/home/ec2-user/.vscode-server/bin/5c3e652f63e798a5ac2f31ffd0d863669328dc4c/out/vs/workbench/api/node/extensionHostProcess.js:152:3830)
	at o.dispose (/home/ec2-user/.vscode-server/bin/5c3e652f63e798a5ac2f31ffd0d863669328dc4c/out/vs/workbench/api/node/extensionHostProcess.js:152:3927)
	at o.<anonymous> (/home/ec2-user/.vscode-server/bin/5c3e652f63e798a5ac2f31ffd0d863669328dc4c/extensions/git/dist/main.js:2:948059)
	at o.dispose (/home/ec2-user/.vscode-server/bin/5c3e652f63e798a5ac2f31ffd0d863669328dc4c/out/vs/workbench/api/node/extensionHostProcess.js:152:3927)
	at a (/home/ec2-user/.vscode-server/bin/5c3e652f63e798a5ac2f31ffd0d863669328dc4c/out/vs/workbench/api/node/extensionHostProcess.js:30:714)
	at g.eb (/home/ec2-user/.vscode-server/bin/5c3e652f63e798a5ac2f31ffd0d863669328dc4c/out/vs/workbench/api/node/extensionHostProcess.js:160:9967)
	at /home/ec2-user/.vscode-server/bin/5c3e652f63e798a5ac2f31ffd0d863669328dc4c/out/vs/workbench/api/node/extensionHostProcess.js:160:7816
	at Array.map (<anonymous>)
	at g.$ (/home/ec2-user/.vscode-server/bin/5c3e652f63e798a5ac2f31ffd0d863669328dc4c/out/vs/workbench/api/node/extensionHostProcess.js:160:7803)
	at g.terminate (/home/ec2-user/.vscode-server/bin/5c3e652f63e798a5ac2f31ffd0d863669328dc4c/out/vs/workbench/api/node/extensionHostProcess.js:160:8077)
	at a.terminate (/home/ec2-user/.vscode-server/bin/5c3e652f63e798a5ac2f31ffd0d863669328dc4c/out/vs/workbench/api/node/extensionHostProcess.js:164:1513)
	at t (/home/ec2-user/.vscode-server/bin/5c3e652f63e798a5ac2f31ffd0d863669328dc4c/out/vs/workbench/api/node/extensionHostProcess.js:177:9917)
	at a.value (/home/ec2-user/.vscode-server/bin/5c3e652f63e798a5ac2f31ffd0d863669328dc4c/out/vs/workbench/api/node/extensionHostProcess.js:177:7964)
	at s.y (/home/ec2-user/.vscode-server/bin/5c3e652f63e798a5ac2f31ffd0d863669328dc4c/out/vs/workbench/api/node/extensionHostProcess.js:82:659)
	at s.fire (/home/ec2-user/.vscode-server/bin/5c3e652f63e798a5ac2f31ffd0d863669328dc4c/out/vs/workbench/api/node/extensionHostProcess.js:82:876)
	at r.fire (/home/ec2-user/.vscode-server/bin/5c3e652f63e798a5ac2f31ffd0d863669328dc4c/out/vs/workbench/api/node/extensionHostProcess.js:107:14173)
	at d.z (/home/ec2-user/.vscode-server/bin/5c3e652f63e798a5ac2f31ffd0d863669328dc4c/out/vs/workbench/api/node/extensionHostProcess.js:107:17238)
	at a.value (/home/ec2-user/.vscode-server/bin/5c3e652f63e798a5ac2f31ffd0d863669328dc4c/out/vs/workbench/api/node/extensionHostProcess.js:107:15690)
	at s.y (/home/ec2-user/.vscode-server/bin/5c3e652f63e798a5ac2f31ffd0d863669328dc4c/out/vs/workbench/api/node/extensionHostProcess.js:82:659)
	at s.fire (/home/ec2-user/.vscode-server/bin/5c3e652f63e798a5ac2f31ffd0d863669328dc4c/out/vs/workbench/api/node/extensionHostProcess.js:82:876)
	at g.acceptChunk (/home/ec2-user/.vscode-server/bin/5c3e652f63e798a5ac2f31ffd0d863669328dc4c/out/vs/workbench/api/node/extensionHostProcess.js:107:11947)
	at a.value (/home/ec2-user/.vscode-server/bin/5c3e652f63e798a5ac2f31ffd0d863669328dc4c/out/vs/workbench/api/node/extensionHostProcess.js:107:11234)
	at s.y (/home/ec2-user/.vscode-server/bin/5c3e652f63e798a5ac2f31ffd0d863669328dc4c/out/vs/workbench/api/node/extensionHostProcess.js:82:659)
	at s.fire (/home/ec2-user/.vscode-server/bin/5c3e652f63e798a5ac2f31ffd0d863669328dc4c/out/vs/workbench/api/node/extensionHostProcess.js:82:876)
	at i.z (/home/ec2-user/.vscode-server/bin/5c3e652f63e798a5ac2f31ffd0d863669328dc4c/out/vs/workbench/api/node/extensionHostProcess.js:174:19712) setContext undefined
2024-04-06 00:19:48.767 [error] Canceled: Canceled
	at new O (/home/ec2-user/.vscode-server/bin/5c3e652f63e798a5ac2f31ffd0d863669328dc4c/out/vs/workbench/api/node/extensionHostProcess.js:144:46998)
	at h.U (/home/ec2-user/.vscode-server/bin/5c3e652f63e798a5ac2f31ffd0d863669328dc4c/out/vs/workbench/api/node/extensionHostProcess.js:151:5539)
	at F.<computed>.T.charCodeAt.F.<computed> (/home/ec2-user/.vscode-server/bin/5c3e652f63e798a5ac2f31ffd0d863669328dc4c/out/vs/workbench/api/node/extensionHostProcess.js:151:2993)
	at d.g (/home/ec2-user/.vscode-server/bin/5c3e652f63e798a5ac2f31ffd0d863669328dc4c/out/vs/workbench/api/node/extensionHostProcess.js:154:186335)
	at d.executeCommand (/home/ec2-user/.vscode-server/bin/5c3e652f63e798a5ac2f31ffd0d863669328dc4c/out/vs/workbench/api/node/extensionHostProcess.js:154:185773)
	at E.registerCommand.description (/home/ec2-user/.vscode-server/bin/5c3e652f63e798a5ac2f31ffd0d863669328dc4c/out/vs/workbench/api/node/extensionHostProcess.js:154:185097)
	at d.h (/home/ec2-user/.vscode-server/bin/5c3e652f63e798a5ac2f31ffd0d863669328dc4c/out/vs/workbench/api/node/extensionHostProcess.js:154:186874)
	at d.g (/home/ec2-user/.vscode-server/bin/5c3e652f63e798a5ac2f31ffd0d863669328dc4c/out/vs/workbench/api/node/extensionHostProcess.js:154:185866)
	at d.executeCommand (/home/ec2-user/.vscode-server/bin/5c3e652f63e798a5ac2f31ffd0d863669328dc4c/out/vs/workbench/api/node/extensionHostProcess.js:154:185773)
	at Object.executeCommand (/home/ec2-user/.vscode-server/bin/5c3e652f63e798a5ac2f31ffd0d863669328dc4c/out/vs/workbench/api/node/extensionHostProcess.js:164:22984)
	at e (/home/ec2-user/.vscode-server/extensions/github.vscode-pull-request-github-0.82.1/dist/extension.js:1968:1467)
	at Object.n [as setContext] (/home/ec2-user/.vscode-server/extensions/github.vscode-pull-request-github-0.82.1/dist/extension.js:1968:1582)
	at Dm.setReviewModeContexts (/home/ec2-user/.vscode-server/extensions/github.vscode-pull-request-github-0.82.1/dist/extension.js:2131:14280)
	at Dm.removePrFromView (/home/ec2-user/.vscode-server/extensions/github.vscode-pull-request-github-0.82.1/dist/extension.js:2131:14907)
	at zc.clear (/home/ec2-user/.vscode-server/extensions/github.vscode-pull-request-github-0.82.1/dist/extension.js:2012:26101)
	at zc.dispose (/home/ec2-user/.vscode-server/extensions/github.vscode-pull-request-github-0.82.1/dist/extension.js:2014:167)
	at Lm.removeReviewManager (/home/ec2-user/.vscode-server/extensions/github.vscode-pull-request-github-0.82.1/dist/extension.js:2131:45823)
	at a.value (/home/ec2-user/.vscode-server/extensions/github.vscode-pull-request-github-0.82.1/dist/extension.js:2144:4235)
	at s.y (/home/ec2-user/.vscode-server/bin/5c3e652f63e798a5ac2f31ffd0d863669328dc4c/out/vs/workbench/api/node/extensionHostProcess.js:82:659)
	at s.z (/home/ec2-user/.vscode-server/bin/5c3e652f63e798a5ac2f31ffd0d863669328dc4c/out/vs/workbench/api/node/extensionHostProcess.js:82:729)
	at s.fire (/home/ec2-user/.vscode-server/bin/5c3e652f63e798a5ac2f31ffd0d863669328dc4c/out/vs/workbench/api/node/extensionHostProcess.js:82:945)
	at a.value (/home/ec2-user/.vscode-server/extensions/github.vscode-pull-request-github-0.82.1/dist/extension.js:1936:446993)
	at s.y (/home/ec2-user/.vscode-server/bin/5c3e652f63e798a5ac2f31ffd0d863669328dc4c/out/vs/workbench/api/node/extensionHostProcess.js:82:659)
	at s.fire (/home/ec2-user/.vscode-server/bin/5c3e652f63e798a5ac2f31ffd0d863669328dc4c/out/vs/workbench/api/node/extensionHostProcess.js:82:876)
	at /home/ec2-user/.vscode-server/extensions/github.vscode-pull-request-github-0.82.1/dist/extension.js:2031:27770
	at a.value (/home/ec2-user/.vscode-server/bin/5c3e652f63e798a5ac2f31ffd0d863669328dc4c/extensions/git/dist/main.js:2:1051703)
	at s.y (/home/ec2-user/.vscode-server/bin/5c3e652f63e798a5ac2f31ffd0d863669328dc4c/out/vs/workbench/api/node/extensionHostProcess.js:82:659)
	at s.z (/home/ec2-user/.vscode-server/bin/5c3e652f63e798a5ac2f31ffd0d863669328dc4c/out/vs/workbench/api/node/extensionHostProcess.js:82:729)
	at s.fire (/home/ec2-user/.vscode-server/bin/5c3e652f63e798a5ac2f31ffd0d863669328dc4c/out/vs/workbench/api/node/extensionHostProcess.js:82:945)
	at Object.m [as dispose] (/home/ec2-user/.vscode-server/bin/5c3e652f63e798a5ac2f31ffd0d863669328dc4c/extensions/git/dist/main.js:2:964886)
	at /home/ec2-user/.vscode-server/bin/5c3e652f63e798a5ac2f31ffd0d863669328dc4c/extensions/git/dist/main.js:2:970920
	at Array.forEach (<anonymous>)
	at f.dispose (/home/ec2-user/.vscode-server/bin/5c3e652f63e798a5ac2f31ffd0d863669328dc4c/extensions/git/dist/main.js:2:970906)
	at o.<anonymous> (/home/ec2-user/.vscode-server/bin/5c3e652f63e798a5ac2f31ffd0d863669328dc4c/out/vs/workbench/api/node/extensionHostProcess.js:152:3830)
	at o.dispose (/home/ec2-user/.vscode-server/bin/5c3e652f63e798a5ac2f31ffd0d863669328dc4c/out/vs/workbench/api/node/extensionHostProcess.js:152:3927)
	at o.<anonymous> (/home/ec2-user/.vscode-server/bin/5c3e652f63e798a5ac2f31ffd0d863669328dc4c/extensions/git/dist/main.js:2:948059)
	at o.dispose (/home/ec2-user/.vscode-server/bin/5c3e652f63e798a5ac2f31ffd0d863669328dc4c/out/vs/workbench/api/node/extensionHostProcess.js:152:3927)
	at a (/home/ec2-user/.vscode-server/bin/5c3e652f63e798a5ac2f31ffd0d863669328dc4c/out/vs/workbench/api/node/extensionHostProcess.js:30:714)
	at g.eb (/home/ec2-user/.vscode-server/bin/5c3e652f63e798a5ac2f31ffd0d863669328dc4c/out/vs/workbench/api/node/extensionHostProcess.js:160:9967)
	at /home/ec2-user/.vscode-server/bin/5c3e652f63e798a5ac2f31ffd0d863669328dc4c/out/vs/workbench/api/node/extensionHostProcess.js:160:7816
	at Array.map (<anonymous>)
	at g.$ (/home/ec2-user/.vscode-server/bin/5c3e652f63e798a5ac2f31ffd0d863669328dc4c/out/vs/workbench/api/node/extensionHostProcess.js:160:7803)
	at g.terminate (/home/ec2-user/.vscode-server/bin/5c3e652f63e798a5ac2f31ffd0d863669328dc4c/out/vs/workbench/api/node/extensionHostProcess.js:160:8077)
	at a.terminate (/home/ec2-user/.vscode-server/bin/5c3e652f63e798a5ac2f31ffd0d863669328dc4c/out/vs/workbench/api/node/extensionHostProcess.js:164:1513)
	at t (/home/ec2-user/.vscode-server/bin/5c3e652f63e798a5ac2f31ffd0d863669328dc4c/out/vs/workbench/api/node/extensionHostProcess.js:177:9917)
	at a.value (/home/ec2-user/.vscode-server/bin/5c3e652f63e798a5ac2f31ffd0d863669328dc4c/out/vs/workbench/api/node/extensionHostProcess.js:177:7964)
	at s.y (/home/ec2-user/.vscode-server/bin/5c3e652f63e798a5ac2f31ffd0d863669328dc4c/out/vs/workbench/api/node/extensionHostProcess.js:82:659)
	at s.fire (/home/ec2-user/.vscode-server/bin/5c3e652f63e798a5ac2f31ffd0d863669328dc4c/out/vs/workbench/api/node/extensionHostProcess.js:82:876)
	at r.fire (/home/ec2-user/.vscode-server/bin/5c3e652f63e798a5ac2f31ffd0d863669328dc4c/out/vs/workbench/api/node/extensionHostProcess.js:107:14173)
	at d.z (/home/ec2-user/.vscode-server/bin/5c3e652f63e798a5ac2f31ffd0d863669328dc4c/out/vs/workbench/api/node/extensionHostProcess.js:107:17238)
	at a.value (/home/ec2-user/.vscode-server/bin/5c3e652f63e798a5ac2f31ffd0d863669328dc4c/out/vs/workbench/api/node/extensionHostProcess.js:107:15690)
	at s.y (/home/ec2-user/.vscode-server/bin/5c3e652f63e798a5ac2f31ffd0d863669328dc4c/out/vs/workbench/api/node/extensionHostProcess.js:82:659)
	at s.fire (/home/ec2-user/.vscode-server/bin/5c3e652f63e798a5ac2f31ffd0d863669328dc4c/out/vs/workbench/api/node/extensionHostProcess.js:82:876)
	at g.acceptChunk (/home/ec2-user/.vscode-server/bin/5c3e652f63e798a5ac2f31ffd0d863669328dc4c/out/vs/workbench/api/node/extensionHostProcess.js:107:11947)
	at a.value (/home/ec2-user/.vscode-server/bin/5c3e652f63e798a5ac2f31ffd0d863669328dc4c/out/vs/workbench/api/node/extensionHostProcess.js:107:11234)
	at s.y (/home/ec2-user/.vscode-server/bin/5c3e652f63e798a5ac2f31ffd0d863669328dc4c/out/vs/workbench/api/node/extensionHostProcess.js:82:659)
	at s.fire (/home/ec2-user/.vscode-server/bin/5c3e652f63e798a5ac2f31ffd0d863669328dc4c/out/vs/workbench/api/node/extensionHostProcess.js:82:876)
	at i.z (/home/ec2-user/.vscode-server/bin/5c3e652f63e798a5ac2f31ffd0d863669328dc4c/out/vs/workbench/api/node/extensionHostProcess.js:174:19712) setContext undefined
2024-04-06 00:19:48.768 [error] Canceled: Canceled
	at new O (/home/ec2-user/.vscode-server/bin/5c3e652f63e798a5ac2f31ffd0d863669328dc4c/out/vs/workbench/api/node/extensionHostProcess.js:144:46998)
	at h.U (/home/ec2-user/.vscode-server/bin/5c3e652f63e798a5ac2f31ffd0d863669328dc4c/out/vs/workbench/api/node/extensionHostProcess.js:151:5539)
	at F.<computed>.T.charCodeAt.F.<computed> (/home/ec2-user/.vscode-server/bin/5c3e652f63e798a5ac2f31ffd0d863669328dc4c/out/vs/workbench/api/node/extensionHostProcess.js:151:2993)
	at d.g (/home/ec2-user/.vscode-server/bin/5c3e652f63e798a5ac2f31ffd0d863669328dc4c/out/vs/workbench/api/node/extensionHostProcess.js:154:186335)
	at d.executeCommand (/home/ec2-user/.vscode-server/bin/5c3e652f63e798a5ac2f31ffd0d863669328dc4c/out/vs/workbench/api/node/extensionHostProcess.js:154:185773)
	at E.registerCommand.description (/home/ec2-user/.vscode-server/bin/5c3e652f63e798a5ac2f31ffd0d863669328dc4c/out/vs/workbench/api/node/extensionHostProcess.js:154:185097)
	at d.h (/home/ec2-user/.vscode-server/bin/5c3e652f63e798a5ac2f31ffd0d863669328dc4c/out/vs/workbench/api/node/extensionHostProcess.js:154:186874)
	at d.g (/home/ec2-user/.vscode-server/bin/5c3e652f63e798a5ac2f31ffd0d863669328dc4c/out/vs/workbench/api/node/extensionHostProcess.js:154:185866)
	at d.executeCommand (/home/ec2-user/.vscode-server/bin/5c3e652f63e798a5ac2f31ffd0d863669328dc4c/out/vs/workbench/api/node/extensionHostProcess.js:154:185773)
	at Object.executeCommand (/home/ec2-user/.vscode-server/bin/5c3e652f63e798a5ac2f31ffd0d863669328dc4c/out/vs/workbench/api/node/extensionHostProcess.js:164:22984)
	at S2.reset (/home/ec2-user/.vscode-server/extensions/github.vscode-pull-request-github-0.82.1/dist/extension.js:2131:7888)
	at S2.dispose (/home/ec2-user/.vscode-server/extensions/github.vscode-pull-request-github-0.82.1/dist/extension.js:2131:8159)
	at a (/home/ec2-user/.vscode-server/bin/5c3e652f63e798a5ac2f31ffd0d863669328dc4c/out/vs/workbench/api/node/extensionHostProcess.js:30:714)
	at g.eb (/home/ec2-user/.vscode-server/bin/5c3e652f63e798a5ac2f31ffd0d863669328dc4c/out/vs/workbench/api/node/extensionHostProcess.js:160:9967)
	at /home/ec2-user/.vscode-server/bin/5c3e652f63e798a5ac2f31ffd0d863669328dc4c/out/vs/workbench/api/node/extensionHostProcess.js:160:7816
	at Array.map (<anonymous>)
	at g.$ (/home/ec2-user/.vscode-server/bin/5c3e652f63e798a5ac2f31ffd0d863669328dc4c/out/vs/workbench/api/node/extensionHostProcess.js:160:7803)
	at g.terminate (/home/ec2-user/.vscode-server/bin/5c3e652f63e798a5ac2f31ffd0d863669328dc4c/out/vs/workbench/api/node/extensionHostProcess.js:160:8077)
	at a.terminate (/home/ec2-user/.vscode-server/bin/5c3e652f63e798a5ac2f31ffd0d863669328dc4c/out/vs/workbench/api/node/extensionHostProcess.js:164:1513)
	at t (/home/ec2-user/.vscode-server/bin/5c3e652f63e798a5ac2f31ffd0d863669328dc4c/out/vs/workbench/api/node/extensionHostProcess.js:177:9917)
	at a.value (/home/ec2-user/.vscode-server/bin/5c3e652f63e798a5ac2f31ffd0d863669328dc4c/out/vs/workbench/api/node/extensionHostProcess.js:177:7964)
	at s.y (/home/ec2-user/.vscode-server/bin/5c3e652f63e798a5ac2f31ffd0d863669328dc4c/out/vs/workbench/api/node/extensionHostProcess.js:82:659)
	at s.fire (/home/ec2-user/.vscode-server/bin/5c3e652f63e798a5ac2f31ffd0d863669328dc4c/out/vs/workbench/api/node/extensionHostProcess.js:82:876)
	at r.fire (/home/ec2-user/.vscode-server/bin/5c3e652f63e798a5ac2f31ffd0d863669328dc4c/out/vs/workbench/api/node/extensionHostProcess.js:107:14173)
	at d.z (/home/ec2-user/.vscode-server/bin/5c3e652f63e798a5ac2f31ffd0d863669328dc4c/out/vs/workbench/api/node/extensionHostProcess.js:107:17238)
	at a.value (/home/ec2-user/.vscode-server/bin/5c3e652f63e798a5ac2f31ffd0d863669328dc4c/out/vs/workbench/api/node/extensionHostProcess.js:107:15690)
	at s.y (/home/ec2-user/.vscode-server/bin/5c3e652f63e798a5ac2f31ffd0d863669328dc4c/out/vs/workbench/api/node/extensionHostProcess.js:82:659)
	at s.fire (/home/ec2-user/.vscode-server/bin/5c3e652f63e798a5ac2f31ffd0d863669328dc4c/out/vs/workbench/api/node/extensionHostProcess.js:82:876)
	at g.acceptChunk (/home/ec2-user/.vscode-server/bin/5c3e652f63e798a5ac2f31ffd0d863669328dc4c/out/vs/workbench/api/node/extensionHostProcess.js:107:11947)
	at a.value (/home/ec2-user/.vscode-server/bin/5c3e652f63e798a5ac2f31ffd0d863669328dc4c/out/vs/workbench/api/node/extensionHostProcess.js:107:11234)
	at s.y (/home/ec2-user/.vscode-server/bin/5c3e652f63e798a5ac2f31ffd0d863669328dc4c/out/vs/workbench/api/node/extensionHostProcess.js:82:659)
	at s.fire (/home/ec2-user/.vscode-server/bin/5c3e652f63e798a5ac2f31ffd0d863669328dc4c/out/vs/workbench/api/node/extensionHostProcess.js:82:876)
	at i.z (/home/ec2-user/.vscode-server/bin/5c3e652f63e798a5ac2f31ffd0d863669328dc4c/out/vs/workbench/api/node/extensionHostProcess.js:174:19712) setContext undefined
2024-04-06 00:19:48.768 [info] Extension host with pid 2883 exiting with code 0
