2024-04-06 00:28:56.011 [info] Extension host with pid 3091 started
2024-04-06 00:28:56.011 [error] Error: EEXIST: file already exists, open '/home/ec2-user/.vscode-server/data/User/workspaceStorage/9d20d4d4cf3f02175c6d96b3e485e6da/vscode.lock'
2024-04-06 00:28:56.065 [info] Lock '/home/ec2-user/.vscode-server/data/User/workspaceStorage/9d20d4d4cf3f02175c6d96b3e485e6da/vscode.lock': Could not acquire lock, checking if the file is stale.
2024-04-06 00:28:56.145 [info] ExtensionService#_doActivateExtension vscode.typescript-language-features, startup: false, activationEvent: 'onLanguage:javascript'
2024-04-06 00:28:56.156 [info] ExtensionService#_doActivateExtension vscode.emmet, startup: false, activationEvent: 'onLanguage'
2024-04-06 00:28:56.894 [info] Lock '/home/ec2-user/.vscode-server/data/User/workspaceStorage/9d20d4d4cf3f02175c6d96b3e485e6da/vscode.lock': The pid 3959 appears to be gone.
2024-04-06 00:28:56.894 [info] Lock '/home/ec2-user/.vscode-server/data/User/workspaceStorage/9d20d4d4cf3f02175c6d96b3e485e6da/vscode.lock': Deleting a stale lock.
2024-04-06 00:28:57.000 [info] Lock '/home/ec2-user/.vscode-server/data/User/workspaceStorage/9d20d4d4cf3f02175c6d96b3e485e6da/vscode.lock': Lock acquired.
2024-04-06 00:28:57.814 [info] ExtensionService#_doActivateExtension vscode.git-base, startup: true, activationEvent: '*', root cause: vscode.git
2024-04-06 00:28:58.150 [info] ExtensionService#_doActivateExtension vscode.git, startup: true, activationEvent: '*'
2024-04-06 00:28:58.194 [info] ExtensionService#_doActivateExtension vscode.github, startup: true, activationEvent: '*'
2024-04-06 00:28:59.807 [info] Eager extensions activated
2024-04-06 00:28:59.807 [info] ExtensionService#_doActivateExtension vscode.debug-auto-launch, startup: false, activationEvent: 'onStartupFinished'
2024-04-06 00:28:59.808 [info] ExtensionService#_doActivateExtension vscode.merge-conflict, startup: false, activationEvent: 'onStartupFinished'
2024-04-06 00:29:00.797 [info] ExtensionService#_doActivateExtension GitHub.vscode-pull-request-github, startup: false, activationEvent: 'onStartupFinished'
2024-04-06 00:29:08.363 [info] ExtensionService#_doActivateExtension vscode.npm, startup: false, activationEvent: 'onTerminalQuickFixRequest:ms-vscode.npm-command'
2024-04-06 00:35:14.444 [info] ExtensionService#_doActivateExtension vscode.extension-editing, startup: false, activationEvent: 'onLanguage:json'
2024-04-06 00:35:14.446 [info] ExtensionService#_doActivateExtension vscode.json-language-features, startup: false, activationEvent: 'onLanguage:json'
2024-04-06 00:39:45.806 [info] ExtensionService#_doActivateExtension ms-python.python, startup: false, activationEvent: 'onLanguage:python', root cause: ms-python.debugpy
2024-04-06 00:39:46.575 [info] ExtensionService#_doActivateExtension ms-python.debugpy, startup: false, activationEvent: 'onLanguage:python'
2024-04-06 00:39:46.575 [info] ExtensionService#_doActivateExtension ms-python.vscode-pylance, startup: false, activationEvent: 'onLanguage:python'
