2024-04-07 15:46:21.050 [info] Extension host with pid 4051 started
2024-04-07 15:46:21.160 [info] ExtensionService#_doActivateExtension vscode.git-base, startup: true, activationEvent: '*', root cause: vscode.git
2024-04-07 15:46:21.208 [info] ExtensionService#_doActivateExtension vscode.git, startup: true, activationEvent: '*'
2024-04-07 15:46:21.208 [info] ExtensionService#_doActivateExtension vscode.github, startup: true, activationEvent: '*'
2024-04-07 15:46:21.993 [info] Eager extensions activated
2024-04-07 15:46:21.994 [info] ExtensionService#_doActivateExtension vscode.debug-auto-launch, startup: false, activationEvent: 'onStartupFinished'
2024-04-07 15:46:21.994 [info] ExtensionService#_doActivateExtension vscode.merge-conflict, startup: false, activationEvent: 'onStartupFinished'
2024-04-07 15:46:22.270 [info] ExtensionService#_doActivateExtension GitHub.vscode-pull-request-github, startup: false, activationEvent: 'onStartupFinished'
2024-04-07 15:51:41.194 [info] Extension host terminating: renderer disconnected for too long (2)
2024-04-07 15:51:41.234 [error] Canceled: Canceled
	at new O (/home/ec2-user/.vscode-server/cli/servers/Stable-5c3e652f63e798a5ac2f31ffd0d863669328dc4c/server/out/vs/workbench/api/node/extensionHostProcess.js:144:46998)
	at h.U (/home/ec2-user/.vscode-server/cli/servers/Stable-5c3e652f63e798a5ac2f31ffd0d863669328dc4c/server/out/vs/workbench/api/node/extensionHostProcess.js:151:5539)
	at F.<computed>.T.charCodeAt.F.<computed> (/home/ec2-user/.vscode-server/cli/servers/Stable-5c3e652f63e798a5ac2f31ffd0d863669328dc4c/server/out/vs/workbench/api/node/extensionHostProcess.js:151:2993)
	at d.g (/home/ec2-user/.vscode-server/cli/servers/Stable-5c3e652f63e798a5ac2f31ffd0d863669328dc4c/server/out/vs/workbench/api/node/extensionHostProcess.js:154:186335)
	at d.executeCommand (/home/ec2-user/.vscode-server/cli/servers/Stable-5c3e652f63e798a5ac2f31ffd0d863669328dc4c/server/out/vs/workbench/api/node/extensionHostProcess.js:154:185773)
	at E.registerCommand.description (/home/ec2-user/.vscode-server/cli/servers/Stable-5c3e652f63e798a5ac2f31ffd0d863669328dc4c/server/out/vs/workbench/api/node/extensionHostProcess.js:154:185097)
	at d.h (/home/ec2-user/.vscode-server/cli/servers/Stable-5c3e652f63e798a5ac2f31ffd0d863669328dc4c/server/out/vs/workbench/api/node/extensionHostProcess.js:154:186874)
	at d.g (/home/ec2-user/.vscode-server/cli/servers/Stable-5c3e652f63e798a5ac2f31ffd0d863669328dc4c/server/out/vs/workbench/api/node/extensionHostProcess.js:154:185866)
	at d.executeCommand (/home/ec2-user/.vscode-server/cli/servers/Stable-5c3e652f63e798a5ac2f31ffd0d863669328dc4c/server/out/vs/workbench/api/node/extensionHostProcess.js:154:185773)
	at Object.executeCommand (/home/ec2-user/.vscode-server/cli/servers/Stable-5c3e652f63e798a5ac2f31ffd0d863669328dc4c/server/out/vs/workbench/api/node/extensionHostProcess.js:164:22984)
	at C2.reset (/home/ec2-user/.vscode-server/extensions/github.vscode-pull-request-github-0.86.0/dist/extension.js:2131:8740)
	at C2.dispose (/home/ec2-user/.vscode-server/extensions/github.vscode-pull-request-github-0.86.0/dist/extension.js:2131:9011)
	at a (/home/ec2-user/.vscode-server/cli/servers/Stable-5c3e652f63e798a5ac2f31ffd0d863669328dc4c/server/out/vs/workbench/api/node/extensionHostProcess.js:30:714)
	at g.eb (/home/ec2-user/.vscode-server/cli/servers/Stable-5c3e652f63e798a5ac2f31ffd0d863669328dc4c/server/out/vs/workbench/api/node/extensionHostProcess.js:160:9967)
	at /home/ec2-user/.vscode-server/cli/servers/Stable-5c3e652f63e798a5ac2f31ffd0d863669328dc4c/server/out/vs/workbench/api/node/extensionHostProcess.js:160:7816
	at Array.map (<anonymous>)
	at g.$ (/home/ec2-user/.vscode-server/cli/servers/Stable-5c3e652f63e798a5ac2f31ffd0d863669328dc4c/server/out/vs/workbench/api/node/extensionHostProcess.js:160:7803)
	at g.terminate (/home/ec2-user/.vscode-server/cli/servers/Stable-5c3e652f63e798a5ac2f31ffd0d863669328dc4c/server/out/vs/workbench/api/node/extensionHostProcess.js:160:8077)
	at a.terminate (/home/ec2-user/.vscode-server/cli/servers/Stable-5c3e652f63e798a5ac2f31ffd0d863669328dc4c/server/out/vs/workbench/api/node/extensionHostProcess.js:164:1513)
	at t (/home/ec2-user/.vscode-server/cli/servers/Stable-5c3e652f63e798a5ac2f31ffd0d863669328dc4c/server/out/vs/workbench/api/node/extensionHostProcess.js:177:9917)
	at j.a (/home/ec2-user/.vscode-server/cli/servers/Stable-5c3e652f63e798a5ac2f31ffd0d863669328dc4c/server/out/vs/workbench/api/node/extensionHostProcess.js:177:6710)
	at j.h (/home/ec2-user/.vscode-server/cli/servers/Stable-5c3e652f63e798a5ac2f31ffd0d863669328dc4c/server/out/vs/workbench/api/node/extensionHostProcess.js:99:20622)
	at listOnTimeout (node:internal/timers:569:17)
	at process.processTimers (node:internal/timers:512:7) setContext undefined
2024-04-07 15:51:41.234 [info] Extension host with pid 4051 exiting with code 0
