0 verbose cli /home/ec2-user/.nvm/versions/node/v21.6.1/bin/node /home/ec2-user/.nvm/versions/node/v21.6.1/bin/npm
1 info using npm@10.2.4
2 info using node@v21.6.1
3 timing npm:load:whichnode Completed in 21ms
4 timing config:load:defaults Completed in 2ms
5 timing config:load:file:/home/ec2-user/.nvm/versions/node/v21.6.1/lib/node_modules/npm/npmrc Completed in 12ms
6 timing config:load:builtin Completed in 12ms
7 timing config:load:cli Completed in 2ms
8 timing config:load:env Completed in 1ms
9 timing config:load:project Completed in 1ms
10 timing config:load:file:/home/ec2-user/.npmrc Completed in 5ms
11 timing config:load:user Completed in 6ms
12 timing config:load:file:/home/ec2-user/.nvm/versions/node/v21.6.1/etc/npmrc Completed in 0ms
13 timing config:load:global Completed in 0ms
14 timing config:load:setEnvs Completed in 1ms
15 timing config:load Completed in 25ms
16 timing npm:load:configload Completed in 25ms
17 timing config:load:flatten Completed in 14ms
18 timing npm:load:mkdirpcache Completed in 2ms
19 timing npm:load:mkdirplogs Completed in 0ms
20 verbose title npm run dev
21 verbose argv "run" "dev"
22 timing npm:load:setTitle Completed in 1ms
23 timing npm:load:display Completed in 0ms
24 verbose logfile logs-max:10 dir:/home/ec2-user/.npm/_logs/2024-02-13T20_29_50_969Z-
25 verbose logfile /home/ec2-user/.npm/_logs/2024-02-13T20_29_50_969Z-debug-0.log
26 timing npm:load:logFile Completed in 20ms
27 timing npm:load:timers Completed in 0ms
28 timing npm:load:configScope Completed in 0ms
29 timing npm:load Completed in 117ms
30 timing command:run Completed in 110ms
31 verbose stack Error: Could not read package.json: Error: ENOENT: no such file or directory, open '/home/ec2-user/package.json'
31 verbose stack     at async open (node:internal/fs/promises:633:25)
31 verbose stack     at async readFile (node:internal/fs/promises:1242:14)
31 verbose stack     at async PackageJson.load (/home/ec2-user/.nvm/versions/node/v21.6.1/lib/node_modules/npm/node_modules/@npmcli/package-json/lib/index.js:129:31)
31 verbose stack     at async PackageJson.normalize (/home/ec2-user/.nvm/versions/node/v21.6.1/lib/node_modules/npm/node_modules/@npmcli/package-json/lib/index.js:115:5)
31 verbose stack     at async RunScript.run (/home/ec2-user/.nvm/versions/node/v21.6.1/lib/node_modules/npm/lib/commands/run-script.js:72:27)
31 verbose stack     at async module.exports (/home/ec2-user/.nvm/versions/node/v21.6.1/lib/node_modules/npm/lib/cli-entry.js:61:5)
32 verbose cwd /home/ec2-user
33 verbose Linux 6.1.75-99.163.amzn2023.x86_64
34 verbose node v21.6.1
35 verbose npm  v10.2.4
36 error code ENOENT
37 error syscall open
38 error path /home/ec2-user/package.json
39 error errno -2
40 error enoent Could not read package.json: Error: ENOENT: no such file or directory, open '/home/ec2-user/package.json'
41 error enoent This is related to npm not being able to find a file.
41 error enoent
42 verbose exit -2
43 timing npm Completed in 301ms
44 verbose code -2
45 error A complete log of this run can be found in: /home/ec2-user/.npm/_logs/2024-02-13T20_29_50_969Z-debug-0.log
