0 verbose cli /home/ec2-user/.nvm/versions/node/v21.6.1/bin/node /home/ec2-user/.nvm/versions/node/v21.6.1/bin/npm
1 info using npm@10.2.4
2 info using node@v21.6.1
3 timing npm:load:whichnode Completed in 21ms
4 timing config:load:defaults Completed in 1ms
5 timing config:load:file:/home/ec2-user/.nvm/versions/node/v21.6.1/lib/node_modules/npm/npmrc Completed in 12ms
6 timing config:load:builtin Completed in 12ms
7 timing config:load:cli Completed in 3ms
8 timing config:load:env Completed in 0ms
9 timing config:load:file:/home/ec2-user/.cache/typescript/5.4/.npmrc Completed in 4ms
10 timing config:load:project Completed in 6ms
11 timing config:load:file:/home/ec2-user/.npmrc Completed in 0ms
12 timing config:load:user Completed in 0ms
13 timing config:load:file:/home/ec2-user/.nvm/versions/node/v21.6.1/etc/npmrc Completed in 0ms
14 timing config:load:global Completed in 1ms
15 timing config:load:setEnvs Completed in 1ms
16 timing config:load Completed in 26ms
17 timing npm:load:configload Completed in 26ms
18 timing config:load:flatten Completed in 3ms
19 timing npm:load:mkdirpcache Completed in 14ms
20 timing npm:load:mkdirplogs Completed in 0ms
21 verbose title npm install @types/express@ts5.4 @types/nodemon@ts5.4 @types/ws@ts5.4
22 verbose argv "install" "--ignore-scripts" "@types/express@ts5.4" "@types/nodemon@ts5.4" "@types/ws@ts5.4" "--save-dev" "--user-agent" "typesInstaller/5.4.3"
23 timing npm:load:setTitle Completed in 1ms
24 timing npm:load:display Completed in 1ms
25 verbose logfile logs-max:10 dir:/home/ec2-user/.npm/_logs/2024-04-09T11_20_53_043Z-
26 verbose logfile /home/ec2-user/.npm/_logs/2024-04-09T11_20_53_043Z-debug-0.log
27 timing npm:load:logFile Completed in 19ms
28 timing npm:load:timers Completed in 1ms
29 timing npm:load:configScope Completed in 0ms
30 timing npm:load Completed in 118ms
31 timing arborist:ctor Completed in 1ms
32 silly logfile start cleaning logs, removing 1 files
33 silly logfile done cleaning log files
34 timing idealTree:init Completed in 66ms
35 timing arborist:ctor Completed in 0ms
36 http fetch GET 200 https://registry.npmjs.org/@types%2fexpress 282ms (cache revalidated)
37 http fetch GET 200 https://registry.npmjs.org/@types%2fws 287ms (cache revalidated)
38 http fetch GET 200 https://registry.npmjs.org/@types%2fnodemon 842ms (cache revalidated)
39 timing idealTree:userRequests Completed in 847ms
40 silly idealTree buildDeps
41 silly fetch manifest @types/express@4.17.21
42 silly fetch manifest @types/nodemon@1.19.6
43 silly fetch manifest @types/ws@8.5.10
44 silly placeDep ROOT @types/express@4.17.21 REPLACE for:  want: 4.17.21
45 silly placeDep ROOT @types/nodemon@1.19.6 REPLACE for:  want: 1.19.6
46 silly placeDep ROOT @types/ws@8.5.10 OK for:  want: 8.5.10
47 timing idealTree:#root Completed in 28ms
48 timing idealTree:node_modules/@types/express Completed in 0ms
49 timing idealTree:node_modules/@types/nodemon Completed in 0ms
50 timing idealTree:node_modules/@types/ws Completed in 0ms
51 timing idealTree:buildDeps Completed in 30ms
52 timing idealTree:fixDepFlags Completed in 1ms
53 timing idealTree Completed in 946ms
54 timing reify:loadTrees Completed in 946ms
55 timing reify:diffTrees Completed in 3ms
56 silly reify moves {}
57 timing reify:retireShallow Completed in 1ms
58 timing reify:createSparse Completed in 9ms
59 timing reify:loadBundles Completed in 0ms
60 silly audit bulk request {
60 silly audit   '@types/basic-auth': [ '1.1.8' ],
60 silly audit   '@types/bcrypt': [ '5.0.2' ],
60 silly audit   '@types/body-parser': [ '1.19.5' ],
60 silly audit   '@types/bytes': [ '3.1.4' ],
60 silly audit   '@types/connect': [ '3.4.38' ],
60 silly audit   '@types/content-type': [ '1.1.8' ],
60 silly audit   '@types/debug': [ '4.1.12' ],
60 silly audit   '@types/depd': [ '1.1.36' ],
60 silly audit   '@types/ee-first': [ '1.1.3' ],
60 silly audit   '@types/express-serve-static-core': [ '4.19.0' ],
60 silly audit   '@types/http-errors': [ '2.0.4' ],
60 silly audit   '@types/jsonwebtoken': [ '9.0.6' ],
60 silly audit   '@types/jws': [ '3.2.10' ],
60 silly audit   '@types/lodash': [ '4.17.0' ],
60 silly audit   '@types/lodash.includes': [ '4.3.9' ],
60 silly audit   '@types/lodash.isboolean': [ '3.0.9' ],
60 silly audit   '@types/lodash.isinteger': [ '4.0.9' ],
60 silly audit   '@types/lodash.isnumber': [ '3.0.9' ],
60 silly audit   '@types/lodash.isplainobject': [ '4.0.9' ],
60 silly audit   '@types/lodash.isstring': [ '4.0.9' ],
60 silly audit   '@types/lodash.once': [ '4.1.9' ],
60 silly audit   '@types/merge-descriptors': [ '1.0.3' ],
60 silly audit   '@types/mime': [ '1.3.5' ],
60 silly audit   '@types/morgan': [ '1.9.9' ],
60 silly audit   '@types/ms': [ '0.7.34' ],
60 silly audit   '@types/node': [ '20.12.5' ],
60 silly audit   '@types/nopt': [ '3.0.32' ],
60 silly audit   '@types/npmlog': [ '7.0.0' ],
60 silly audit   '@types/on-finished': [ '2.3.4' ],
60 silly audit   '@types/on-headers': [ '1.0.3' ],
60 silly audit   '@types/qs': [ '6.9.14' ],
60 silly audit   '@types/range-parser': [ '1.2.7' ],
60 silly audit   '@types/send': [ '0.17.4' ],
60 silly audit   '@types/serve-static': [ '1.15.7' ],
60 silly audit   '@types/type-is': [ '1.6.6' ],
60 silly audit   'types-registry': [ '0.1.684' ],
60 silly audit   'undici-types': [ '5.26.5' ],
60 silly audit   '@types/express': [ '4.17.21' ],
60 silly audit   '@types/nodemon': [ '1.19.6' ],
60 silly audit   '@types/ws': [ '8.5.10' ]
60 silly audit }
61 timing reifyNode:node_modules/@types/ws Completed in 52ms
62 timing reify:unpack Completed in 52ms
63 timing reify:unretire Completed in 0ms
64 timing build:queue Completed in 1ms
65 timing build:deps Completed in 1ms
66 timing build Completed in 1ms
67 timing reify:build Completed in 1ms
68 timing reify:trash Completed in 0ms
69 timing reify:save Completed in 59ms
70 http fetch POST 200 https://registry.npmjs.org/-/npm/v1/security/advisories/bulk 147ms
71 timing auditReport:getReport Completed in 150ms
72 silly audit report {}
73 timing auditReport:init Completed in 0ms
74 timing reify:audit Completed in 150ms
75 timing reify Completed in 1131ms
76 silly ADD node_modules/@types/ws
77 timing command:install Completed in 1146ms
78 verbose exit 0
79 timing npm Completed in 1481ms
80 info ok
