0 verbose cli /home/ec2-user/.nvm/versions/node/v21.6.1/bin/node /home/ec2-user/.nvm/versions/node/v21.6.1/bin/npm
1 info using npm@10.2.4
2 info using node@v21.6.1
3 timing npm:load:whichnode Completed in 20ms
4 timing config:load:defaults Completed in 2ms
5 timing config:load:file:/home/ec2-user/.nvm/versions/node/v21.6.1/lib/node_modules/npm/npmrc Completed in 9ms
6 timing config:load:builtin Completed in 9ms
7 timing config:load:cli Completed in 2ms
8 timing config:load:env Completed in 0ms
9 timing config:load:file:/home/ec2-user/barApp/.npmrc Completed in 0ms
10 timing config:load:project Completed in 1ms
11 timing config:load:file:/home/ec2-user/.npmrc Completed in 6ms
12 timing config:load:user Completed in 6ms
13 timing config:load:file:/home/ec2-user/.nvm/versions/node/v21.6.1/etc/npmrc Completed in 0ms
14 timing config:load:global Completed in 0ms
15 timing config:load:setEnvs Completed in 1ms
16 timing config:load Completed in 22ms
17 timing npm:load:configload Completed in 23ms
18 timing config:load:flatten Completed in 3ms
19 timing npm:load:mkdirpcache Completed in 13ms
20 timing npm:load:mkdirplogs Completed in 0ms
21 verbose title npm run dev
22 verbose argv "run" "dev"
23 timing npm:load:setTitle Completed in 0ms
24 timing npm:load:display Completed in 0ms
25 verbose logfile logs-max:10 dir:/home/ec2-user/.npm/_logs/2024-02-13T20_39_09_352Z-
26 verbose logfile /home/ec2-user/.npm/_logs/2024-02-13T20_39_09_352Z-debug-0.log
27 timing npm:load:logFile Completed in 20ms
28 timing npm:load:timers Completed in 0ms
29 timing npm:load:configScope Completed in 0ms
30 timing npm:load Completed in 113ms
31 silly logfile done cleaning log files
32 timing command:run Completed in 124007ms
33 verbose exit 130
34 timing npm Completed in 124190ms
35 verbose code 130
