0 verbose cli /home/ec2-user/.nvm/versions/node/v21.6.1/bin/node /home/ec2-user/.nvm/versions/node/v21.6.1/bin/npm
1 info using npm@10.2.4
2 info using node@v21.6.1
3 timing npm:load:whichnode Completed in 26ms
4 timing config:load:defaults Completed in 2ms
5 timing config:load:file:/home/ec2-user/.nvm/versions/node/v21.6.1/lib/node_modules/npm/npmrc Completed in 11ms
6 timing config:load:builtin Completed in 11ms
7 timing config:load:cli Completed in 3ms
8 timing config:load:env Completed in 1ms
9 timing config:load:project Completed in 1ms
10 timing config:load:file:/home/ec2-user/.npmrc Completed in 5ms
11 timing config:load:user Completed in 5ms
12 timing config:load:file:/home/ec2-user/.nvm/versions/node/v21.6.1/etc/npmrc Completed in 0ms
13 timing config:load:global Completed in 0ms
14 timing config:load:setEnvs Completed in 1ms
15 timing config:load Completed in 24ms
16 timing npm:load:configload Completed in 24ms
17 timing config:load:flatten Completed in 2ms
18 timing npm:load:mkdirpcache Completed in 12ms
19 timing npm:load:mkdirplogs Completed in 0ms
20 verbose title npm config get prefix
21 verbose argv "config" "--loglevel" "warn" "get" "prefix"
22 timing npm:load:setTitle Completed in 1ms
23 timing npm:load:display Completed in 0ms
24 verbose logfile logs-max:10 dir:/home/ec2-user/.npm/_logs/2024-02-13T20_35_46_885Z-
25 verbose logfile /home/ec2-user/.npm/_logs/2024-02-13T20_35_46_885Z-debug-0.log
26 timing npm:load:logFile Completed in 20ms
27 timing npm:load:timers Completed in 0ms
28 timing npm:load:configScope Completed in 0ms
29 timing npm:load Completed in 122ms
30 timing command:config Completed in 11ms
31 verbose exit 0
32 timing npm Completed in 189ms
33 info ok
