2024-04-06 00:11:17.159 [info] Experiment 'pythonRecommendTensorboardExt' is active
2024-04-06 00:11:17.159 [info] Experiment 'pythonREPLSmartSend' is active
2024-04-06 00:11:17.159 [info] Experiment 'pythonTerminalEnvVarActivation' is active
2024-04-06 00:11:17.159 [info] Experiment 'pythonTestAdapter' is active
2024-04-06 00:11:17.262 [info] Default formatter is set to null for workspace /home/ec2-user/PythonStreamingService
2024-04-06 00:11:18.815 [info] Test server listening.
2024-04-06 00:11:19.103 [info] > C:\Users\apisa\AppData\Local\Programs\Python\Python312\python.exe -c "import sys;print(sys.executable)"
2024-04-06 00:11:19.404 [error] [Error: Command failed: C:\Users\apisa\AppData\Local\Programs\Python\Python312\python.exe -c "import sys;print(sys.executable)"
/bin/sh: line 1: C:UsersapisaAppDataLocalProgramsPythonPython312python.exe: command not found

	at ChildProcess.exithandler (node:child_process:420:12)
	at ChildProcess.emit (node:events:526:35)
	at maybeClose (node:internal/child_process:1091:16)
	at Socket.<anonymous> (node:internal/child_process:449:11)
	at Socket.emit (node:events:514:28)
	at Pipe.<anonymous> (node:net:323:12)] {
  code: 127,
  killed: false,
  signal: null,
  cmd: 'C:\\Users\\apisa\\AppData\\Local\\Programs\\Python\\Python312\\python.exe -c "import sys;print(sys.executable)"'
}
2024-04-06 00:11:19.555 [info] > pyenv which python
2024-04-06 00:11:19.555 [info] cwd: .
2024-04-06 00:11:22.167 [info] Starting Pylance language server.
