2024-04-07 15:46:42.341 [info] Extension host with pid 4460 started
2024-04-07 15:46:42.466 [info] ExtensionService#_doActivateExtension vscode.git-base, startup: true, activationEvent: '*', root cause: vscode.git
2024-04-07 15:46:42.523 [info] Lock '/home/ec2-user/.vscode-server/data/User/workspaceStorage/bf87d23398c1535bfe5b94ce6d8d540b/vscode.lock': Lock acquired.
2024-04-07 15:46:42.606 [info] ExtensionService#_doActivateExtension vscode.git, startup: true, activationEvent: '*'
2024-04-07 15:46:42.606 [info] ExtensionService#_doActivateExtension vscode.github, startup: true, activationEvent: '*'
2024-04-07 15:46:43.457 [info] Eager extensions activated
2024-04-07 15:46:43.457 [info] ExtensionService#_doActivateExtension vscode.debug-auto-launch, startup: false, activationEvent: 'onStartupFinished'
2024-04-07 15:46:43.457 [info] ExtensionService#_doActivateExtension vscode.merge-conflict, startup: false, activationEvent: 'onStartupFinished'
2024-04-07 15:46:43.946 [info] ExtensionService#_doActivateExtension GitHub.vscode-pull-request-github, startup: false, activationEvent: 'onStartupFinished'
2024-04-07 15:46:50.833 [info] ExtensionService#_doActivateExtension vscode.emmet, startup: false, activationEvent: 'onLanguage'
2024-04-07 15:47:44.536 [info] ExtensionService#_doActivateExtension vscode.npm, startup: false, activationEvent: 'onTerminalQuickFixRequest:ms-vscode.npm-command'
2024-04-07 15:48:15.727 [warning] [Decorations] CAPPING events from decorations provider vscode.git 714
2024-04-07 15:51:18.196 [warning] [Decorations] CAPPING events from decorations provider vscode.git 714
2024-04-07 16:00:57.722 [warning] [Decorations] CAPPING events from decorations provider vscode.git 754
2024-04-07 16:01:02.881 [warning] [Decorations] CAPPING events from decorations provider vscode.git 754
2024-04-07 16:03:27.900 [warning] [Decorations] CAPPING events from decorations provider vscode.git 756
2024-04-07 16:03:33.026 [warning] [Decorations] CAPPING events from decorations provider vscode.git 756
2024-04-07 16:03:53.038 [warning] [Decorations] CAPPING events from decorations provider vscode.git 756
2024-04-07 16:03:58.176 [warning] [Decorations] CAPPING events from decorations provider vscode.git 756
2024-04-07 16:05:14.150 [warning] [Decorations] CAPPING events from decorations provider vscode.git 756
2024-04-07 16:08:13.960 [warning] [Decorations] CAPPING events from decorations provider vscode.git 756
2024-04-07 16:08:19.095 [warning] [Decorations] CAPPING events from decorations provider vscode.git 756
2024-04-07 16:08:38.649 [warning] [Decorations] CAPPING events from decorations provider vscode.git 756
2024-04-07 16:08:48.547 [warning] [Decorations] CAPPING events from decorations provider vscode.git 756
