2024-04-09 11:20:45.706 [info] Log level: Info
2024-04-09 11:20:45.706 [info] Validating found git in: "git"
2024-04-09 11:20:45.706 [info] Using git "2.40.1" from "git"
2024-04-09 11:20:45.706 [info] > git rev-parse --show-toplevel [607ms]
2024-04-09 11:20:45.706 [info] > git rev-parse --git-dir --git-common-dir [799ms]
2024-04-09 11:20:45.706 [info] Open repository: /home/ec2-user/StreamingService
2024-04-09 11:20:45.789 [info] > git check-ignore -v -z --stdin [83ms]
2024-04-09 11:20:45.812 [info] > git config --get commit.template [789ms]
2024-04-09 11:20:46.173 [info] > git show --textconv :index.js [78ms]
2024-04-09 11:20:46.173 [info] > git ls-files --stage -- /home/ec2-user/StreamingService/index.js [61ms]
2024-04-09 11:20:46.175 [info] > git for-each-ref --format=%(refname)%00%(upstream:short)%00%(objectname)%00%(upstream:track)%00%(upstream:remotename)%00%(upstream:remoteref) refs/heads/main refs/remotes/main [264ms]
2024-04-09 11:20:46.300 [info] > git fetch [1408ms]
2024-04-09 11:20:46.300 [info] Missing or invalid credentials.
Skip silent fetch commands
Missing or invalid credentials.
Skip silent fetch commands
remote: Repository not found.
fatal: Authentication failed for 'https://github.com/queueviewDevs/StreamingService.git/'
2024-04-09 11:20:46.600 [info] > git config --get commit.template [282ms]
2024-04-09 11:20:46.680 [info] > git config --get commit.template [56ms]
2024-04-09 11:20:46.685 [info] > git for-each-ref --format=%(refname)%00%(upstream:short)%00%(objectname)%00%(upstream:track)%00%(upstream:remotename)%00%(upstream:remoteref) refs/heads/main refs/remotes/main [12ms]
2024-04-09 11:20:46.753 [info] > git for-each-ref --format=%(refname)%00%(upstream:short)%00%(objectname)%00%(upstream:track)%00%(upstream:remotename)%00%(upstream:remoteref) refs/heads/main refs/remotes/main [36ms]
2024-04-09 11:20:47.066 [info] > git status -z -uall [282ms]
2024-04-09 11:20:48.493 [info] > git merge-base refs/heads/main refs/remotes/origin/main [1346ms]
2024-04-09 11:20:48.771 [info] > git rev-list --count --left-right refs/heads/main...refs/remotes/origin/main [243ms]
2024-04-09 11:20:48.813 [info] > git ls-files --stage -- /home/ec2-user/StreamingService/index.js [530ms]
2024-04-09 11:20:48.855 [info] > git diff --name-status -z --diff-filter=ADMR 1df1de2c3cc06d25a877c8ca35cb6b8d83c1129c...refs/remotes/origin/main [46ms]
2024-04-09 11:20:49.014 [info] > git show --textconv :index.js [40ms]
2024-04-09 11:20:49.745 [info] > git config --local branch.main.github-pr-owner-number [670ms]
2024-04-09 11:20:49.745 [warning] git config failed: Failed to execute git
2024-04-09 11:20:56.980 [info] > git config --get commit.template [29ms]
2024-04-09 11:20:56.986 [info] > git for-each-ref --format=%(refname)%00%(upstream:short)%00%(objectname)%00%(upstream:track)%00%(upstream:remotename)%00%(upstream:remoteref) refs/heads/main refs/remotes/main [30ms]
2024-04-09 11:20:57.026 [info] > git status -z -uall [34ms]
2024-04-09 11:21:38.987 [info] > git config --get commit.template [6ms]
2024-04-09 11:21:38.989 [info] > git for-each-ref --format=%(refname)%00%(upstream:short)%00%(objectname)%00%(upstream:track)%00%(upstream:remotename)%00%(upstream:remoteref) refs/heads/main refs/remotes/main [3ms]
2024-04-09 11:21:39.004 [info] > git status -z -uall [11ms]
2024-04-09 11:21:44.057 [info] > git config --get commit.template [13ms]
2024-04-09 11:21:44.059 [info] > git for-each-ref --format=%(refname)%00%(upstream:short)%00%(objectname)%00%(upstream:track)%00%(upstream:remotename)%00%(upstream:remoteref) refs/heads/main refs/remotes/main [11ms]
2024-04-09 11:21:44.076 [info] > git status -z -uall [12ms]
2024-04-09 11:21:49.112 [info] > git config --get commit.template [6ms]
2024-04-09 11:21:49.114 [info] > git for-each-ref --format=%(refname)%00%(upstream:short)%00%(objectname)%00%(upstream:track)%00%(upstream:remotename)%00%(upstream:remoteref) refs/heads/main refs/remotes/main [3ms]
2024-04-09 11:21:49.130 [info] > git status -z -uall [12ms]
2024-04-09 11:21:54.174 [info] > git config --get commit.template [8ms]
2024-04-09 11:21:54.181 [info] > git for-each-ref --format=%(refname)%00%(upstream:short)%00%(objectname)%00%(upstream:track)%00%(upstream:remotename)%00%(upstream:remoteref) refs/heads/main refs/remotes/main [2ms]
2024-04-09 11:21:54.197 [info] > git status -z -uall [11ms]
2024-04-09 11:22:15.475 [info] > git for-each-ref --format=%(refname)%00%(upstream:short)%00%(objectname)%00%(upstream:track)%00%(upstream:remotename)%00%(upstream:remoteref) refs/heads/main refs/remotes/main [126ms]
2024-04-09 11:22:15.484 [info] > git config --get commit.template [209ms]
2024-04-09 11:22:16.203 [info] > git status -z -uall [686ms]
2024-04-09 11:22:29.834 [info] > git config --get commit.template [975ms]
2024-04-09 11:22:30.603 [info] > git for-each-ref --format=%(refname)%00%(upstream:short)%00%(objectname)%00%(upstream:track)%00%(upstream:remotename)%00%(upstream:remoteref) refs/heads/main refs/remotes/main [545ms]
2024-04-09 11:22:31.447 [info] > git status -z -uall [776ms]
2024-04-09 11:22:54.882 [info] > git config --get commit.template [65ms]
2024-04-09 11:22:54.890 [info] > git for-each-ref --format=%(refname)%00%(upstream:short)%00%(objectname)%00%(upstream:track)%00%(upstream:remotename)%00%(upstream:remoteref) refs/heads/main refs/remotes/main [13ms]
2024-04-09 11:22:56.523 [info] > git status -z -uall [1598ms]
2024-04-09 11:24:05.249 [info] > git config --get commit.template [49ms]
2024-04-09 11:24:05.254 [info] > git for-each-ref --format=%(refname)%00%(upstream:short)%00%(objectname)%00%(upstream:track)%00%(upstream:remotename)%00%(upstream:remoteref) refs/heads/main refs/remotes/main [30ms]
2024-04-09 11:24:05.366 [info] > git status -z -uall [77ms]
2024-04-09 11:26:46.219 [info] > git config --local branch.main.github-pr-owner-number [1177ms]
2024-04-09 11:26:46.251 [warning] git config failed: Failed to execute git
