*
* Visual Studio Code Server
*
* By using the software, you agree to
* the Visual Studio Code Server License Terms (https://aka.ms/vscode-server-license) and
* the Microsoft Privacy Statement (https://privacy.microsoft.com/en-US/privacystatement).
*
Server bound to 127.0.0.1:44409 (IPv4)
Extension host agent listening on 44409

[00:10:45] 




[00:10:45] Extension host agent started.
[00:10:45] [127.0.0.1][ff31154a][ManagementConnection] New connection established.
[00:10:45] [127.0.0.1][f497e648][ExtensionHostConnection] New connection established.
[00:10:47] [127.0.0.1][f497e648][ExtensionHostConnection] <2918> Launched Extension Host Process.
Got delay-shutdown request while in shutdown timeout, delaying
[00:10:57] Got delay-shutdown request while in shutdown timeout, delaying
Cancelling previous shutdown timeout
[00:10:57] Cancelling previous shutdown timeout
[00:10:57] [127.0.0.1][b99e2e00][ManagementConnection] New connection established.
[00:10:57] [127.0.0.1][308b9a48][ExtensionHostConnection] New connection established.
[00:10:57] [127.0.0.1][308b9a48][ExtensionHostConnection] <3287> Launched Extension Host Process.
rejected promise not handled within 1 second: CodeExpectedError: Could not find pty on pty host
stack trace: CodeExpectedError: Could not find pty on pty host
    at D.U (/home/ec2-user/.vscode-server/bin/863d2581ecda6849923a2118d93a088b0745d9d6/out/vs/platform/terminal/node/ptyHostMain.js:43:32578)
    at D.updateTitle (/home/ec2-user/.vscode-server/bin/863d2581ecda6849923a2118d93a088b0745d9d6/out/vs/platform/terminal/node/ptyHostMain.js:43:27710)
    at T.<computed> (/home/ec2-user/.vscode-server/bin/863d2581ecda6849923a2118d93a088b0745d9d6/out/vs/platform/terminal/node/ptyHostMain.js:43:22925)
    at Object.call (/home/ec2-user/.vscode-server/bin/863d2581ecda6849923a2118d93a088b0745d9d6/out/vs/platform/terminal/node/ptyHostMain.js:34:5061)
    at u.s (/home/ec2-user/.vscode-server/bin/863d2581ecda6849923a2118d93a088b0745d9d6/out/vs/platform/terminal/node/ptyHostMain.js:32:5165)
    at u.q (/home/ec2-user/.vscode-server/bin/863d2581ecda6849923a2118d93a088b0745d9d6/out/vs/platform/terminal/node/ptyHostMain.js:32:4667)
    at l.value (/home/ec2-user/.vscode-server/bin/863d2581ecda6849923a2118d93a088b0745d9d6/out/vs/platform/terminal/node/ptyHostMain.js:32:4065)
    at m.y (/home/ec2-user/.vscode-server/bin/863d2581ecda6849923a2118d93a088b0745d9d6/out/vs/platform/terminal/node/ptyHostMain.js:27:1906)
    at m.fire (/home/ec2-user/.vscode-server/bin/863d2581ecda6849923a2118d93a088b0745d9d6/out/vs/platform/terminal/node/ptyHostMain.js:27:2123)
    at process._ (/home/ec2-user/.vscode-server/bin/863d2581ecda6849923a2118d93a088b0745d9d6/out/vs/platform/terminal/node/ptyHostMain.js:25:10025)
    at process.emit (node:events:514:28)
    at emit (node:internal/child_process:937:14)
    at process.processTicksAndRejections (node:internal/process/task_queues:83:21)
[00:11:01] Error [CodeExpectedError]: Could not find pty on pty host
    at D.U (/home/ec2-user/.vscode-server/bin/863d2581ecda6849923a2118d93a088b0745d9d6/out/vs/platform/terminal/node/ptyHostMain.js:43:32578)
    at D.updateTitle (/home/ec2-user/.vscode-server/bin/863d2581ecda6849923a2118d93a088b0745d9d6/out/vs/platform/terminal/node/ptyHostMain.js:43:27710)
    at T.<computed> (/home/ec2-user/.vscode-server/bin/863d2581ecda6849923a2118d93a088b0745d9d6/out/vs/platform/terminal/node/ptyHostMain.js:43:22925)
    at Object.call (/home/ec2-user/.vscode-server/bin/863d2581ecda6849923a2118d93a088b0745d9d6/out/vs/platform/terminal/node/ptyHostMain.js:34:5061)
    at u.s (/home/ec2-user/.vscode-server/bin/863d2581ecda6849923a2118d93a088b0745d9d6/out/vs/platform/terminal/node/ptyHostMain.js:32:5165)
    at u.q (/home/ec2-user/.vscode-server/bin/863d2581ecda6849923a2118d93a088b0745d9d6/out/vs/platform/terminal/node/ptyHostMain.js:32:4667)
    at l.value (/home/ec2-user/.vscode-server/bin/863d2581ecda6849923a2118d93a088b0745d9d6/out/vs/platform/terminal/node/ptyHostMain.js:32:4065)
    at m.y (/home/ec2-user/.vscode-server/bin/863d2581ecda6849923a2118d93a088b0745d9d6/out/vs/platform/terminal/node/ptyHostMain.js:27:1906)
    at m.fire (/home/ec2-user/.vscode-server/bin/863d2581ecda6849923a2118d93a088b0745d9d6/out/vs/platform/terminal/node/ptyHostMain.js:27:2123)
    at process._ (/home/ec2-user/.vscode-server/bin/863d2581ecda6849923a2118d93a088b0745d9d6/out/vs/platform/terminal/node/ptyHostMain.js:25:10025)
    at process.emit (node:events:514:28)
    at emit (node:internal/child_process:937:14)
    at process.processTicksAndRejections (node:internal/process/task_queues:83:21)
rejected promise not handled within 1 second: CodeExpectedError: Could not find pty on pty host
stack trace: CodeExpectedError: Could not find pty on pty host
    at D.U (/home/ec2-user/.vscode-server/bin/863d2581ecda6849923a2118d93a088b0745d9d6/out/vs/platform/terminal/node/ptyHostMain.js:43:32578)
    at D.updateIcon (/home/ec2-user/.vscode-server/bin/863d2581ecda6849923a2118d93a088b0745d9d6/out/vs/platform/terminal/node/ptyHostMain.js:43:27763)
    at T.<computed> (/home/ec2-user/.vscode-server/bin/863d2581ecda6849923a2118d93a088b0745d9d6/out/vs/platform/terminal/node/ptyHostMain.js:43:22925)
    at Object.call (/home/ec2-user/.vscode-server/bin/863d2581ecda6849923a2118d93a088b0745d9d6/out/vs/platform/terminal/node/ptyHostMain.js:34:5061)
    at u.s (/home/ec2-user/.vscode-server/bin/863d2581ecda6849923a2118d93a088b0745d9d6/out/vs/platform/terminal/node/ptyHostMain.js:32:5165)
    at u.q (/home/ec2-user/.vscode-server/bin/863d2581ecda6849923a2118d93a088b0745d9d6/out/vs/platform/terminal/node/ptyHostMain.js:32:4667)
    at l.value (/home/ec2-user/.vscode-server/bin/863d2581ecda6849923a2118d93a088b0745d9d6/out/vs/platform/terminal/node/ptyHostMain.js:32:4065)
    at m.y (/home/ec2-user/.vscode-server/bin/863d2581ecda6849923a2118d93a088b0745d9d6/out/vs/platform/terminal/node/ptyHostMain.js:27:1906)
    at m.fire (/home/ec2-user/.vscode-server/bin/863d2581ecda6849923a2118d93a088b0745d9d6/out/vs/platform/terminal/node/ptyHostMain.js:27:2123)
    at process._ (/home/ec2-user/.vscode-server/bin/863d2581ecda6849923a2118d93a088b0745d9d6/out/vs/platform/terminal/node/ptyHostMain.js:25:10025)
    at process.emit (node:events:514:28)
    at emit (node:internal/child_process:937:14)
    at process.processTicksAndRejections (node:internal/process/task_queues:83:21)
[00:11:01] Error [CodeExpectedError]: Could not find pty on pty host
    at D.U (/home/ec2-user/.vscode-server/bin/863d2581ecda6849923a2118d93a088b0745d9d6/out/vs/platform/terminal/node/ptyHostMain.js:43:32578)
    at D.updateIcon (/home/ec2-user/.vscode-server/bin/863d2581ecda6849923a2118d93a088b0745d9d6/out/vs/platform/terminal/node/ptyHostMain.js:43:27763)
    at T.<computed> (/home/ec2-user/.vscode-server/bin/863d2581ecda6849923a2118d93a088b0745d9d6/out/vs/platform/terminal/node/ptyHostMain.js:43:22925)
    at Object.call (/home/ec2-user/.vscode-server/bin/863d2581ecda6849923a2118d93a088b0745d9d6/out/vs/platform/terminal/node/ptyHostMain.js:34:5061)
    at u.s (/home/ec2-user/.vscode-server/bin/863d2581ecda6849923a2118d93a088b0745d9d6/out/vs/platform/terminal/node/ptyHostMain.js:32:5165)
    at u.q (/home/ec2-user/.vscode-server/bin/863d2581ecda6849923a2118d93a088b0745d9d6/out/vs/platform/terminal/node/ptyHostMain.js:32:4667)
    at l.value (/home/ec2-user/.vscode-server/bin/863d2581ecda6849923a2118d93a088b0745d9d6/out/vs/platform/terminal/node/ptyHostMain.js:32:4065)
    at m.y (/home/ec2-user/.vscode-server/bin/863d2581ecda6849923a2118d93a088b0745d9d6/out/vs/platform/terminal/node/ptyHostMain.js:27:1906)
    at m.fire (/home/ec2-user/.vscode-server/bin/863d2581ecda6849923a2118d93a088b0745d9d6/out/vs/platform/terminal/node/ptyHostMain.js:27:2123)
    at process._ (/home/ec2-user/.vscode-server/bin/863d2581ecda6849923a2118d93a088b0745d9d6/out/vs/platform/terminal/node/ptyHostMain.js:25:10025)
    at process.emit (node:events:514:28)
    at emit (node:internal/child_process:937:14)
    at process.processTicksAndRejections (node:internal/process/task_queues:83:21)
[00:11:10] [127.0.0.1][b99e2e00][ManagementConnection] The client has disconnected gracefully, so the connection will be disposed.
[00:11:10] [127.0.0.1][308b9a48][ExtensionHostConnection] <3287> Extension Host Process exited with code: 0, signal: null.
Cancelling previous shutdown timeout
[00:11:10] Cancelling previous shutdown timeout
[00:11:13] [127.0.0.1][183be95c][ManagementConnection] New connection established.
[00:11:13] [127.0.0.1][91297d0d][ExtensionHostConnection] New connection established.
[00:11:13] [127.0.0.1][91297d0d][ExtensionHostConnection] <3645> Launched Extension Host Process.
[00:11:23] [127.0.0.1][ff31154a][ManagementConnection] The client has disconnected gracefully, so the connection will be disposed.
[00:11:23] [127.0.0.1][f497e648][ExtensionHostConnection] <2918> Extension Host Process exited with code: 0, signal: null.
[00:11:28] [127.0.0.1][1f519206][ManagementConnection] New connection established.
[00:11:28] [127.0.0.1][965053bf][ExtensionHostConnection] New connection established.
[00:11:28] [127.0.0.1][965053bf][ExtensionHostConnection] <4421> Launched Extension Host Process.
